<?xml version="1.0" encoding="UTF-8" ?>
<testsuite tests="1" failures="0" name="com.trader.AppTest" time="0.004" errors="0" skipped="0">
  <properties>
    <property name="java.runtime.name" value="Java(TM) SE Runtime Environment"/>
    <property name="sun.boot.library.path" value="/Library/Java/JavaVirtualMachines/jdk1.8.0_45.jdk/Contents/Home/jre/lib"/>
    <property name="java.vm.version" value="25.45-b02"/>
    <property name="user.country.format" value="CN"/>
    <property name="gopherProxySet" value="false"/>
    <property name="java.vm.vendor" value="Oracle Corporation"/>
    <property name="maven.multiModuleProjectDirectory" value="/Users/Raymond/java/trade_system"/>
    <property name="java.vendor.url" value="http://java.oracle.com/"/>
    <property name="path.separator" value=":"/>
    <property name="guice.disable.misplaced.annotation.check" value="true"/>
    <property name="java.vm.name" value="Java HotSpot(TM) 64-Bit Server VM"/>
    <property name="file.encoding.pkg" value="sun.io"/>
    <property name="user.country" value="US"/>
    <property name="sun.java.launcher" value="SUN_STANDARD"/>
    <property name="sun.os.patch.level" value="unknown"/>
    <property name="java.vm.specification.name" value="Java Virtual Machine Specification"/>
    <property name="user.dir" value="/Users/Raymond/java/trade_system"/>
    <property name="java.runtime.version" value="1.8.0_45-b14"/>
    <property name="java.awt.graphicsenv" value="sun.awt.CGraphicsEnvironment"/>
    <property name="java.endorsed.dirs" value="/Library/Java/JavaVirtualMachines/jdk1.8.0_45.jdk/Contents/Home/jre/lib/endorsed"/>
    <property name="os.arch" value="x86_64"/>
    <property name="java.io.tmpdir" value="/var/folders/zb/_f2c8jbj6wn0zkxgr9xdk5zc0000gn/T/"/>
    <property name="line.separator" value="
"/>
    <property name="java.vm.specification.vendor" value="Oracle Corporation"/>
    <property name="os.name" value="Mac OS X"/>
    <property name="classworlds.conf" value="/usr/local/Cellar/maven/3.3.9/libexec/bin/m2.conf"/>
    <property name="sun.jnu.encoding" value="UTF-8"/>
    <property name="java.library.path" value="/Users/Raymond/Library/Java/Extensions:/Library/Java/Extensions:/Network/Library/Java/Extensions:/System/Library/Java/Extensions:/usr/lib/java:."/>
    <property name="java.specification.name" value="Java Platform API Specification"/>
    <property name="java.class.version" value="52.0"/>
    <property name="sun.management.compiler" value="HotSpot 64-Bit Tiered Compilers"/>
    <property name="os.version" value="10.13.1"/>
    <property name="http.nonProxyHosts" value="127.0.0.1|localhost|*.localhost|douban.|*.douban.|douban.|*.douban.|baidu.com|*.baidu.com|baidu.com|*.baidu.com|dnspod.cn|*.dnspod.cn|dnspod.cn|*.dnspod.cn|eastmoney.com|*.eastmoney.com|eastmoney.com|*.eastmoney.com|vancl.com|*.vancl.com|vancl.com|*.vancl.com|tudou.com|*.tudou.com|tudou.com|*.tudou.com|v.pps.tv|*.v.pps.tv|weibo.com|*.weibo.com|weibo.com|*.weibo.com|10jqka.com.cn|*.10jqka.com.cn|10jqka.com.cn|*.10jqka.com.cn|ebank.cmbchina.com|*.ebank.cmbchina.com|ebank.cmbchina.com|*.ebank.cmbchina.com|youku.com|*.youku.com|youku.com|*.youku.com|www.lizhi.fm|*.www.lizhi.fm|xiami.com|*.xiami.com|xiami.com|*.xiami.com|zhihu.com|*.zhihu.com|zhihu.com|*.zhihu.com|duokan.com|*.duokan.com|duokan.com|*.duokan.com|ximalaya.com|*.ximalaya.com|ximalaya.com|*.ximalaya.com|www.swiftv.cn|*.www.swiftv.cn|www.amazon.cn|*.www.amazon.cn|mi.com|*.mi.com|mi.com|*.mi.com|163.com|*.163.com|163.com|*.163.com|bilibili.com|*.bilibili.com|bilibili.com|*.bilibili.com|www.acfun.tv|*.www.acfun.tv|jd.com|*.jd.com|jd.com|*.jd.com|bocim.com|*.bocim.com|bocim.com|*.bocim.com|sohu.com|*.sohu.com|sohu.com|*.sohu.com|taobao.com|*.taobao.com|taobao.com|*.taobao.com|qq.com|*.qq.com|qq.com|*.qq.com|godaddy.com|*.godaddy.com|godaddy.com|*.godaddy.com|ctrip.com|*.ctrip.com|ctrip.com|*.ctrip.com|1234567.com.cn|*.1234567.com.cn|1234567.com.cn|*.1234567.com.cn|tower.im|*.tower.im|www.net.cn|*.www.net.cn|www.net.cn|*.www.net.cn|reyinapp.com|*.reyinapp.com|reyinapp.com|*.reyinapp.com|lemall.com|*.lemall.com|lemall.com|*.lemall.com|nuomi.com|*.nuomi.com|nuomi.com|*.nuomi.com|iteye.com|*.iteye.com|iteye.com|*.iteye.com|sf-express.com|*.sf-express.com|sf-express.com|*.sf-express.com|easemob.com|*.easemob.com|easemob.com|*.easemob.com|www.hcharts.cn|*.www.hcharts.cn|wodemoney.com|*.wodemoney.com|xiaozhou.net|*.xiaozhou.net|xiaozhou.net|*.xiaozhou.net|i.360.cn|*.i.360.cn|weibo.com|*.weibo.com|www.szse.cn|*.www.szse.cn|fxj.com.cn|*.fxj.com.cn|fxj.com.cn|*.fxj.com.cn|github.com|*.github.com|meiqia.com|*.meiqia.com|foocoder.com|*.foocoder.com|dushu.xiaomi.com|*.dushu.xiaomi.com|dushu.xiaomi.com|*.dushu.xiaomi.com|backend.shenbianvip.com|*.backend.shenbianvip.com|backend.shenbianvip.com|*.backend.shenbianvip.com|yuansouti.com|*.yuansouti.com|yuansouti.com|*.yuansouti.com|rubyman.me|*.rubyman.me|ruby-china.org|*.ruby-china.org|360.com|*.360.com|360.com|*.360.com|tmall.com|*.tmall.com|tmall.com|*.tmall.com|m.cyzone.cn|*.m.cyzone.cn|shenbianvip.com|*.shenbianvip.com|shenbianvip.com|*.shenbianvip.com|dwz.cn|*.dwz.cn|amap.com|*.amap.com|amap.com|*.amap.com|zealer.com|*.zealer.com|zealer.com|*.zealer.com|121.43.102.49|hundsun.com|*.hundsun.com|hundsun.com|*.hundsun.com|ifeng.com|*.ifeng.com|ifeng.com|*.ifeng.com|www.amazonaws.cn|*.www.amazonaws.cn|amazon.com|*.amazon.com|amazon.com|*.amazon.com|alibaba.com|*.alibaba.com|alibaba.com|*.alibaba.com|www.mafengwo.cn|*.www.mafengwo.cn|alipay.com|*.alipay.com|alipay.com|*.alipay.com|travis-ci.com|*.travis-ci.com|travis-ci.com|*.travis-ci.com|apple.com|*.apple.com|apple.com|*.apple.com|rspec.info|*.rspec.info|linode.com|*.linode.com|linode.com|*.linode.com|douban.com|*.douban.com|douban.com|*.douban.com|xueqiu.com|*.xueqiu.com|mail.hbgaofeng.cn|*.mail.hbgaofeng.cn|lagou.com|*.lagou.com|lagou.com|*.lagou.com|www.rmkjw.cn|*.www.rmkjw.cn|coding.net|*.coding.net|aliyun.com|*.aliyun.com|aliyun.com|*.aliyun.com|fir.im|*.fir.im|ap01.aws.af.cm|*.ap01.aws.af.cm|ap01.aws.af.cm|*.ap01.aws.af.cm|kaola.com|*.kaola.com|kaola.com|*.kaola.com|cninfo.com.cn|*.cninfo.com.cn|cninfo.com.cn|*.cninfo.com.cn|segmentfault.com|*.segmentfault.com|ixigua.com|*.ixigua.com|ixigua.com|*.ixigua.com"/>
    <property name="user.home" value="/Users/Raymond"/>
    <property name="user.timezone" value="Asia/Chongqing"/>
    <property name="java.awt.printerjob" value="sun.lwawt.macosx.CPrinterJob"/>
    <property name="java.specification.version" value="1.8"/>
    <property name="file.encoding" value="UTF-8"/>
    <property name="user.name" value="Raymond"/>
    <property name="java.class.path" value="/usr/local/Cellar/maven/3.3.9/libexec/boot/plexus-classworlds-2.5.2.jar"/>
    <property name="java.vm.specification.version" value="1.8"/>
    <property name="sun.arch.data.model" value="64"/>
    <property name="java.home" value="/Library/Java/JavaVirtualMachines/jdk1.8.0_45.jdk/Contents/Home/jre"/>
    <property name="sun.java.command" value="org.codehaus.plexus.classworlds.launcher.Launcher package"/>
    <property name="java.specification.vendor" value="Oracle Corporation"/>
    <property name="user.language" value="en"/>
    <property name="awt.toolkit" value="sun.lwawt.macosx.LWCToolkit"/>
    <property name="java.vm.info" value="mixed mode"/>
    <property name="java.version" value="1.8.0_45"/>
    <property name="java.ext.dirs" value="/Users/Raymond/Library/Java/Extensions:/Library/Java/JavaVirtualMachines/jdk1.8.0_45.jdk/Contents/Home/jre/lib/ext:/Library/Java/Extensions:/Network/Library/Java/Extensions:/System/Library/Java/Extensions:/usr/lib/java"/>
    <property name="sun.boot.class.path" value="/Library/Java/JavaVirtualMachines/jdk1.8.0_45.jdk/Contents/Home/jre/lib/resources.jar:/Library/Java/JavaVirtualMachines/jdk1.8.0_45.jdk/Contents/Home/jre/lib/rt.jar:/Library/Java/JavaVirtualMachines/jdk1.8.0_45.jdk/Contents/Home/jre/lib/sunrsasign.jar:/Library/Java/JavaVirtualMachines/jdk1.8.0_45.jdk/Contents/Home/jre/lib/jsse.jar:/Library/Java/JavaVirtualMachines/jdk1.8.0_45.jdk/Contents/Home/jre/lib/jce.jar:/Library/Java/JavaVirtualMachines/jdk1.8.0_45.jdk/Contents/Home/jre/lib/charsets.jar:/Library/Java/JavaVirtualMachines/jdk1.8.0_45.jdk/Contents/Home/jre/lib/jfr.jar:/Library/Java/JavaVirtualMachines/jdk1.8.0_45.jdk/Contents/Home/jre/classes"/>
    <property name="java.vendor" value="Oracle Corporation"/>
    <property name="maven.home" value="/usr/local/Cellar/maven/3.3.9/libexec"/>
    <property name="file.separator" value="/"/>
    <property name="java.vendor.url.bug" value="http://bugreport.sun.com/bugreport/"/>
    <property name="sun.cpu.endian" value="little"/>
    <property name="sun.io.unicode.encoding" value="UnicodeBig"/>
    <property name="socksNonProxyHosts" value="127.0.0.1|localhost|*.localhost|douban.|*.douban.|douban.|*.douban.|baidu.com|*.baidu.com|baidu.com|*.baidu.com|dnspod.cn|*.dnspod.cn|dnspod.cn|*.dnspod.cn|eastmoney.com|*.eastmoney.com|eastmoney.com|*.eastmoney.com|vancl.com|*.vancl.com|vancl.com|*.vancl.com|tudou.com|*.tudou.com|tudou.com|*.tudou.com|v.pps.tv|*.v.pps.tv|weibo.com|*.weibo.com|weibo.com|*.weibo.com|10jqka.com.cn|*.10jqka.com.cn|10jqka.com.cn|*.10jqka.com.cn|ebank.cmbchina.com|*.ebank.cmbchina.com|ebank.cmbchina.com|*.ebank.cmbchina.com|youku.com|*.youku.com|youku.com|*.youku.com|www.lizhi.fm|*.www.lizhi.fm|xiami.com|*.xiami.com|xiami.com|*.xiami.com|zhihu.com|*.zhihu.com|zhihu.com|*.zhihu.com|duokan.com|*.duokan.com|duokan.com|*.duokan.com|ximalaya.com|*.ximalaya.com|ximalaya.com|*.ximalaya.com|www.swiftv.cn|*.www.swiftv.cn|www.amazon.cn|*.www.amazon.cn|mi.com|*.mi.com|mi.com|*.mi.com|163.com|*.163.com|163.com|*.163.com|bilibili.com|*.bilibili.com|bilibili.com|*.bilibili.com|www.acfun.tv|*.www.acfun.tv|jd.com|*.jd.com|jd.com|*.jd.com|bocim.com|*.bocim.com|bocim.com|*.bocim.com|sohu.com|*.sohu.com|sohu.com|*.sohu.com|taobao.com|*.taobao.com|taobao.com|*.taobao.com|qq.com|*.qq.com|qq.com|*.qq.com|godaddy.com|*.godaddy.com|godaddy.com|*.godaddy.com|ctrip.com|*.ctrip.com|ctrip.com|*.ctrip.com|1234567.com.cn|*.1234567.com.cn|1234567.com.cn|*.1234567.com.cn|tower.im|*.tower.im|www.net.cn|*.www.net.cn|www.net.cn|*.www.net.cn|reyinapp.com|*.reyinapp.com|reyinapp.com|*.reyinapp.com|lemall.com|*.lemall.com|lemall.com|*.lemall.com|nuomi.com|*.nuomi.com|nuomi.com|*.nuomi.com|iteye.com|*.iteye.com|iteye.com|*.iteye.com|sf-express.com|*.sf-express.com|sf-express.com|*.sf-express.com|easemob.com|*.easemob.com|easemob.com|*.easemob.com|www.hcharts.cn|*.www.hcharts.cn|wodemoney.com|*.wodemoney.com|xiaozhou.net|*.xiaozhou.net|xiaozhou.net|*.xiaozhou.net|i.360.cn|*.i.360.cn|weibo.com|*.weibo.com|www.szse.cn|*.www.szse.cn|fxj.com.cn|*.fxj.com.cn|fxj.com.cn|*.fxj.com.cn|github.com|*.github.com|meiqia.com|*.meiqia.com|foocoder.com|*.foocoder.com|dushu.xiaomi.com|*.dushu.xiaomi.com|dushu.xiaomi.com|*.dushu.xiaomi.com|backend.shenbianvip.com|*.backend.shenbianvip.com|backend.shenbianvip.com|*.backend.shenbianvip.com|yuansouti.com|*.yuansouti.com|yuansouti.com|*.yuansouti.com|rubyman.me|*.rubyman.me|ruby-china.org|*.ruby-china.org|360.com|*.360.com|360.com|*.360.com|tmall.com|*.tmall.com|tmall.com|*.tmall.com|m.cyzone.cn|*.m.cyzone.cn|shenbianvip.com|*.shenbianvip.com|shenbianvip.com|*.shenbianvip.com|dwz.cn|*.dwz.cn|amap.com|*.amap.com|amap.com|*.amap.com|zealer.com|*.zealer.com|zealer.com|*.zealer.com|121.43.102.49|hundsun.com|*.hundsun.com|hundsun.com|*.hundsun.com|ifeng.com|*.ifeng.com|ifeng.com|*.ifeng.com|www.amazonaws.cn|*.www.amazonaws.cn|amazon.com|*.amazon.com|amazon.com|*.amazon.com|alibaba.com|*.alibaba.com|alibaba.com|*.alibaba.com|www.mafengwo.cn|*.www.mafengwo.cn|alipay.com|*.alipay.com|alipay.com|*.alipay.com|travis-ci.com|*.travis-ci.com|travis-ci.com|*.travis-ci.com|apple.com|*.apple.com|apple.com|*.apple.com|rspec.info|*.rspec.info|linode.com|*.linode.com|linode.com|*.linode.com|douban.com|*.douban.com|douban.com|*.douban.com|xueqiu.com|*.xueqiu.com|mail.hbgaofeng.cn|*.mail.hbgaofeng.cn|lagou.com|*.lagou.com|lagou.com|*.lagou.com|www.rmkjw.cn|*.www.rmkjw.cn|coding.net|*.coding.net|aliyun.com|*.aliyun.com|aliyun.com|*.aliyun.com|fir.im|*.fir.im|ap01.aws.af.cm|*.ap01.aws.af.cm|ap01.aws.af.cm|*.ap01.aws.af.cm|kaola.com|*.kaola.com|kaola.com|*.kaola.com|cninfo.com.cn|*.cninfo.com.cn|cninfo.com.cn|*.cninfo.com.cn|segmentfault.com|*.segmentfault.com|ixigua.com|*.ixigua.com|ixigua.com|*.ixigua.com"/>
    <property name="ftp.nonProxyHosts" value="127.0.0.1|localhost|*.localhost|douban.|*.douban.|douban.|*.douban.|baidu.com|*.baidu.com|baidu.com|*.baidu.com|dnspod.cn|*.dnspod.cn|dnspod.cn|*.dnspod.cn|eastmoney.com|*.eastmoney.com|eastmoney.com|*.eastmoney.com|vancl.com|*.vancl.com|vancl.com|*.vancl.com|tudou.com|*.tudou.com|tudou.com|*.tudou.com|v.pps.tv|*.v.pps.tv|weibo.com|*.weibo.com|weibo.com|*.weibo.com|10jqka.com.cn|*.10jqka.com.cn|10jqka.com.cn|*.10jqka.com.cn|ebank.cmbchina.com|*.ebank.cmbchina.com|ebank.cmbchina.com|*.ebank.cmbchina.com|youku.com|*.youku.com|youku.com|*.youku.com|www.lizhi.fm|*.www.lizhi.fm|xiami.com|*.xiami.com|xiami.com|*.xiami.com|zhihu.com|*.zhihu.com|zhihu.com|*.zhihu.com|duokan.com|*.duokan.com|duokan.com|*.duokan.com|ximalaya.com|*.ximalaya.com|ximalaya.com|*.ximalaya.com|www.swiftv.cn|*.www.swiftv.cn|www.amazon.cn|*.www.amazon.cn|mi.com|*.mi.com|mi.com|*.mi.com|163.com|*.163.com|163.com|*.163.com|bilibili.com|*.bilibili.com|bilibili.com|*.bilibili.com|www.acfun.tv|*.www.acfun.tv|jd.com|*.jd.com|jd.com|*.jd.com|bocim.com|*.bocim.com|bocim.com|*.bocim.com|sohu.com|*.sohu.com|sohu.com|*.sohu.com|taobao.com|*.taobao.com|taobao.com|*.taobao.com|qq.com|*.qq.com|qq.com|*.qq.com|godaddy.com|*.godaddy.com|godaddy.com|*.godaddy.com|ctrip.com|*.ctrip.com|ctrip.com|*.ctrip.com|1234567.com.cn|*.1234567.com.cn|1234567.com.cn|*.1234567.com.cn|tower.im|*.tower.im|www.net.cn|*.www.net.cn|www.net.cn|*.www.net.cn|reyinapp.com|*.reyinapp.com|reyinapp.com|*.reyinapp.com|lemall.com|*.lemall.com|lemall.com|*.lemall.com|nuomi.com|*.nuomi.com|nuomi.com|*.nuomi.com|iteye.com|*.iteye.com|iteye.com|*.iteye.com|sf-express.com|*.sf-express.com|sf-express.com|*.sf-express.com|easemob.com|*.easemob.com|easemob.com|*.easemob.com|www.hcharts.cn|*.www.hcharts.cn|wodemoney.com|*.wodemoney.com|xiaozhou.net|*.xiaozhou.net|xiaozhou.net|*.xiaozhou.net|i.360.cn|*.i.360.cn|weibo.com|*.weibo.com|www.szse.cn|*.www.szse.cn|fxj.com.cn|*.fxj.com.cn|fxj.com.cn|*.fxj.com.cn|github.com|*.github.com|meiqia.com|*.meiqia.com|foocoder.com|*.foocoder.com|dushu.xiaomi.com|*.dushu.xiaomi.com|dushu.xiaomi.com|*.dushu.xiaomi.com|backend.shenbianvip.com|*.backend.shenbianvip.com|backend.shenbianvip.com|*.backend.shenbianvip.com|yuansouti.com|*.yuansouti.com|yuansouti.com|*.yuansouti.com|rubyman.me|*.rubyman.me|ruby-china.org|*.ruby-china.org|360.com|*.360.com|360.com|*.360.com|tmall.com|*.tmall.com|tmall.com|*.tmall.com|m.cyzone.cn|*.m.cyzone.cn|shenbianvip.com|*.shenbianvip.com|shenbianvip.com|*.shenbianvip.com|dwz.cn|*.dwz.cn|amap.com|*.amap.com|amap.com|*.amap.com|zealer.com|*.zealer.com|zealer.com|*.zealer.com|121.43.102.49|hundsun.com|*.hundsun.com|hundsun.com|*.hundsun.com|ifeng.com|*.ifeng.com|ifeng.com|*.ifeng.com|www.amazonaws.cn|*.www.amazonaws.cn|amazon.com|*.amazon.com|amazon.com|*.amazon.com|alibaba.com|*.alibaba.com|alibaba.com|*.alibaba.com|www.mafengwo.cn|*.www.mafengwo.cn|alipay.com|*.alipay.com|alipay.com|*.alipay.com|travis-ci.com|*.travis-ci.com|travis-ci.com|*.travis-ci.com|apple.com|*.apple.com|apple.com|*.apple.com|rspec.info|*.rspec.info|linode.com|*.linode.com|linode.com|*.linode.com|douban.com|*.douban.com|douban.com|*.douban.com|xueqiu.com|*.xueqiu.com|mail.hbgaofeng.cn|*.mail.hbgaofeng.cn|lagou.com|*.lagou.com|lagou.com|*.lagou.com|www.rmkjw.cn|*.www.rmkjw.cn|coding.net|*.coding.net|aliyun.com|*.aliyun.com|aliyun.com|*.aliyun.com|fir.im|*.fir.im|ap01.aws.af.cm|*.ap01.aws.af.cm|ap01.aws.af.cm|*.ap01.aws.af.cm|kaola.com|*.kaola.com|kaola.com|*.kaola.com|cninfo.com.cn|*.cninfo.com.cn|cninfo.com.cn|*.cninfo.com.cn|segmentfault.com|*.segmentfault.com|ixigua.com|*.ixigua.com|ixigua.com|*.ixigua.com"/>
    <property name="sun.cpu.isalist" value=""/>
  </properties>
  <testcase classname="com.trader.AppTest" name="testApp" time="0.004"/>
</testsuite>